# JRE version: Java(TM) SE Runtime Environment (25.0.1+8) (build 25.0.1+8-LTS-27)
# Java VM: Java HotSpot(TM) 64-Bit Server VM (25.0.1+8-LTS-27, mixed mode, sharing, tiered, compressed oops, compressed class ptrs, g1 gc, windows-amd64)
GC Precious Log:
 CardTable entry size: 512
 Card Set container configuration: InlinePtr #cards 5 size 8 Array Of Cards #cards 10 size 36 Howl #buckets 4 coarsen threshold 1843 Howl Bitmap #cards 512 size 80 coarsen threshold 460 Card regions per heap region 1 cards per card region 2048
 CPUs: 4 total, 4 available
 Memory: 8058M
 Large Page Support: Disabled
 NUMA Support: Disabled
 Compressed Oops: Enabled (32-bit)
 Heap Region Size: 1M
 Heap Min Capacity: 256M
 Heap Initial Capacity: 256M
 Heap Max Capacity: 512M
 Pre-touch: Disabled
 Parallel Workers: 4
 Concurrent Workers: 1
 Concurrent Refinement Workers: 4
 Periodic GC: Disabled
Heap:
 garbage-first heap   total reserved 524288K, committed 262144K, used 172681K [0x00000000e0000000, 0x0000000100000000)
  region size 1024K, 103 young (105472K), 14 survivors (14336K)
GC Heap Usage History (20 events):
Event: 18.491 {heap After GC invocations=10 (full 0):
 garbage-first heap   total reserved 524288K, committed 262144K, used 68096K [0x00000000e0000000, 0x0000000100000000)
  region size 1024K, 6 young (6144K), 6 survivors (6144K)
}
Event: 20.469 {heap Before GC invocations=10 (full 0):
 garbage-first heap   total reserved 524288K, committed 262144K, used 217600K [0x00000000e0000000, 0x0000000100000000)
  region size 1024K, 153 young (156672K), 6 survivors (6144K)
}
Event: 20.482 {heap After GC invocations=11 (full 0):
 garbage-first heap   total reserved 524288K, committed 262144K, used 71561K [0x00000000e0000000, 0x0000000100000000)
  region size 1024K, 10 young (10240K), 10 survivors (10240K)
}
Event: 21.425 {heap Before GC invocations=11 (full 0):
 garbage-first heap   total reserved 524288K, committed 262144K, used 219017K [0x00000000e0000000, 0x0000000100000000)
  region size 1024K, 153 young (156672K), 10 survivors (10240K)
}
Event: 21.439 {heap After GC invocations=12 (full 0):
 garbage-first heap   total reserved 524288K, committed 262144K, used 73728K [0x00000000e0000000, 0x0000000100000000)
  region size 1024K, 12 young (12288K), 12 survivors (12288K)
}
Event: 22.543 {heap Before GC invocations=12 (full 0):
 garbage-first heap   total reserved 524288K, committed 262144K, used 218112K [0x00000000e0000000, 0x0000000100000000)
  region size 1024K, 153 young (156672K), 12 survivors (12288K)
}
Event: 22.570 {heap After GC invocations=13 (full 0):
 garbage-first heap   total reserved 524288K, committed 262144K, used 73208K [0x00000000e0000000, 0x0000000100000000)
  region size 1024K, 6 young (6144K), 6 survivors (6144K)
}
Event: 23.324 {heap Before GC invocations=13 (full 0):
 garbage-first heap   total reserved 524288K, committed 262144K, used 223736K [0x00000000e0000000, 0x0000000100000000)
  region size 1024K, 153 young (156672K), 6 survivors (6144K)
}
Event: 23.338 {heap After GC invocations=14 (full 0):
 garbage-first heap   total reserved 524288K, committed 262144K, used 74191K [0x00000000e0000000, 0x0000000100000000)
  region size 1024K, 7 young (7168K), 7 survivors (7168K)
}
Event: 24.565 {heap Before GC invocations=14 (full 0):
 garbage-first heap   total reserved 524288K, committed 262144K, used 223695K [0x00000000e0000000, 0x0000000100000000)
  region size 1024K, 153 young (156672K), 7 survivors (7168K)
}
Event: 24.575 {heap After GC invocations=15 (full 0):
 garbage-first heap   total reserved 524288K, committed 262144K, used 75285K [0x00000000e0000000, 0x0000000100000000)
  region size 1024K, 8 young (8192K), 8 survivors (8192K)
}
Event: 25.767 {heap Before GC invocations=15 (full 0):
 garbage-first heap   total reserved 524288K, committed 262144K, used 225813K [0x00000000e0000000, 0x0000000100000000)
  region size 1024K, 153 young (156672K), 8 survivors (8192K)
}
Event: 25.779 {heap After GC invocations=16 (full 0):
 garbage-first heap   total reserved 524288K, committed 262144K, used 74624K [0x00000000e0000000, 0x0000000100000000)
  region size 1024K, 6 young (6144K), 6 survivors (6144K)
}
Event: 26.983 {heap Before GC invocations=16 (full 0):
 garbage-first heap   total reserved 524288K, committed 262144K, used 227200K [0x00000000e0000000, 0x0000000100000000)
  region size 1024K, 153 young (156672K), 6 survivors (6144K)
}
Event: 26.999 {heap After GC invocations=17 (full 0):
 garbage-first heap   total reserved 524288K, committed 262144K, used 76309K [0x00000000e0000000, 0x0000000100000000)
  region size 1024K, 7 young (7168K), 7 survivors (7168K)
}
Event: 29.695 {heap Before GC invocations=17 (full 0):
 garbage-first heap   total reserved 524288K, committed 262144K, used 224789K [0x00000000e0000000, 0x0000000100000000)
  region size 1024K, 153 young (156672K), 7 survivors (7168K)
}
Event: 29.711 {heap After GC invocations=18 (full 0):
 garbage-first heap   total reserved 524288K, committed 262144K, used 81941K [0x00000000e0000000, 0x0000000100000000)
  region size 1024K, 13 young (13312K), 13 survivors (13312K)
}
Event: 32.072 {heap Before GC invocations=18 (full 0):
 garbage-first heap   total reserved 524288K, committed 262144K, used 225301K [0x00000000e0000000, 0x0000000100000000)
  region size 1024K, 153 young (156672K), 13 survivors (13312K)
}
Event: 32.088 {heap After GC invocations=19 (full 0):
 garbage-first heap   total reserved 524288K, committed 262144K, used 82057K [0x00000000e0000000, 0x0000000100000000)
  region size 1024K, 10 young (10240K), 10 survivors (10240K)
}
Event: 33.524 {heap Before GC invocations=19 (full 0):
 garbage-first heap   total reserved 524288K, committed 262144K, used 172169K [0x00000000e0000000, 0x0000000100000000)
  region size 1024K, 99 young (101376K), 10 survivors (10240K)
}

